2021-09-14 14:38:42,341-DEBUG-test_size = 0.25, 包括5560恶意APP以及1119良性APP
2021-09-14 14:40:33,349-DEBUG-test_size = 0.25, 包括5560恶意APP以及1119良性APP
2021-09-14 14:40:38,887-DEBUG-Accuracy: 0.9964071856287425
2021-09-14 14:40:38,887-DEBUG-Accuracy: 0.9964071856287425
2021-09-14 14:40:38,898-DEBUG-F1_score: 0.9963905245845311
2021-09-14 14:40:38,898-DEBUG-F1_score: 0.9963905245845311
2021-09-14 14:40:38,898-DEBUG-F1_score: 0.9963905245845311
2021-09-14 14:40:38,903-DEBUG-tn: 260  |  fp: 6  |  fn: 0  |  tp: 1404
2021-09-14 14:40:38,903-DEBUG-tn: 260  |  fp: 6  |  fn: 0  |  tp: 1404
2021-09-14 14:40:38,903-DEBUG-tn: 260  |  fp: 6  |  fn: 0  |  tp: 1404
2021-09-14 14:40:38,903-DEBUG-tn: 260  |  fp: 6  |  fn: 0  |  tp: 1404
2021-09-14 15:06:21,151-DEBUG-test_size = 0.5, 包括5560恶意APP以及1119良性APP
2021-09-14 15:06:24,818-DEBUG-Accuracy: 0.9368263473053893
2021-09-14 15:06:24,818-DEBUG-Accuracy: 0.9368263473053893
2021-09-14 15:06:24,834-DEBUG-F1_score: 0.9385390938141713
2021-09-14 15:06:24,834-DEBUG-F1_score: 0.9385390938141713
2021-09-14 15:06:24,834-DEBUG-F1_score: 0.9385390938141713
2021-09-14 15:06:24,843-DEBUG-tn: 471  |  fp: 66  |  fn: 145  |  tp: 2658
2021-09-14 15:06:24,843-DEBUG-tn: 471  |  fp: 66  |  fn: 145  |  tp: 2658
2021-09-14 15:06:24,843-DEBUG-tn: 471  |  fp: 66  |  fn: 145  |  tp: 2658
2021-09-14 15:06:24,843-DEBUG-tn: 471  |  fp: 66  |  fn: 145  |  tp: 2658
2021-09-14 15:11:04,537-DEBUG-元路径为QQ^T，test_size = 0.25, 包括5560恶意APP以及1119良性APP
2021-09-14 15:11:12,369-DEBUG-Accuracy: 0.9832335329341317
2021-09-14 15:11:12,369-DEBUG-Accuracy: 0.9832335329341317
2021-09-14 15:11:12,377-DEBUG-F1_score: 0.9835231298752036
2021-09-14 15:11:12,377-DEBUG-F1_score: 0.9835231298752036
2021-09-14 15:11:12,377-DEBUG-F1_score: 0.9835231298752036
2021-09-14 15:11:12,381-DEBUG-tn: 264  |  fp: 2  |  fn: 26  |  tp: 1378
2021-09-14 15:11:12,381-DEBUG-tn: 264  |  fp: 2  |  fn: 26  |  tp: 1378
2021-09-14 15:11:12,381-DEBUG-tn: 264  |  fp: 2  |  fn: 26  |  tp: 1378
2021-09-14 15:11:12,381-DEBUG-tn: 264  |  fp: 2  |  fn: 26  |  tp: 1378
2021-09-14 15:12:09,133-DEBUG-元路径为QQ^T，test_size = 0.5, 包括5560恶意APP以及1119良性APP
2021-09-14 15:12:15,487-DEBUG-Accuracy: 0.9907185628742515
2021-09-14 15:12:15,487-DEBUG-Accuracy: 0.9907185628742515
2021-09-14 15:12:15,504-DEBUG-F1_score: 0.9906061527124825
2021-09-14 15:12:15,504-DEBUG-F1_score: 0.9906061527124825
2021-09-14 15:12:15,504-DEBUG-F1_score: 0.9906061527124825
2021-09-14 15:12:15,513-DEBUG-tn: 506  |  fp: 31  |  fn: 0  |  tp: 2803
2021-09-14 15:12:15,513-DEBUG-tn: 506  |  fp: 31  |  fn: 0  |  tp: 2803
2021-09-14 15:12:15,513-DEBUG-tn: 506  |  fp: 31  |  fn: 0  |  tp: 2803
2021-09-14 15:12:15,513-DEBUG-tn: 506  |  fp: 31  |  fn: 0  |  tp: 2803
2021-09-14 15:15:44,306-DEBUG-元路径为QQ^T，test_size = 0.75, 包括5560恶意APP以及1119良性APP
2021-09-14 15:15:48,286-DEBUG-Accuracy: 0.999001996007984
2021-09-14 15:15:48,286-DEBUG-Accuracy: 0.999001996007984
2021-09-14 15:15:48,309-DEBUG-F1_score: 0.9990007886078187
2021-09-14 15:15:48,309-DEBUG-F1_score: 0.9990007886078187
2021-09-14 15:15:48,309-DEBUG-F1_score: 0.9990007886078187
2021-09-14 15:15:48,321-DEBUG-tn: 826  |  fp: 5  |  fn: 0  |  tp: 4179
2021-09-14 15:15:48,321-DEBUG-tn: 826  |  fp: 5  |  fn: 0  |  tp: 4179
2021-09-14 15:15:48,321-DEBUG-tn: 826  |  fp: 5  |  fn: 0  |  tp: 4179
2021-09-14 15:15:48,321-DEBUG-tn: 826  |  fp: 5  |  fn: 0  |  tp: 4179
2021-09-14 15:35:00,652-DEBUG-元路径为QQ^T，test_size = 0.25, 包括5560恶意APP以及1119良性APP
2021-09-14 15:35:10,748-DEBUG-Accuracy: 0.9928143712574851
2021-09-14 15:35:10,748-DEBUG-Accuracy: 0.9928143712574851
2021-09-14 15:35:10,756-DEBUG-F1_score: 0.9928467464265883
2021-09-14 15:35:10,756-DEBUG-F1_score: 0.9928467464265883
2021-09-14 15:35:10,756-DEBUG-F1_score: 0.9928467464265883
2021-09-14 15:35:10,760-DEBUG-tn: 263  |  fp: 3  |  fn: 9  |  tp: 1395
2021-09-14 15:35:10,760-DEBUG-tn: 263  |  fp: 3  |  fn: 9  |  tp: 1395
2021-09-14 15:35:10,760-DEBUG-tn: 263  |  fp: 3  |  fn: 9  |  tp: 1395
2021-09-14 15:35:10,760-DEBUG-tn: 263  |  fp: 3  |  fn: 9  |  tp: 1395
2021-09-14 15:36:30,659-DEBUG-元路径为QQ^T，test_size = 0.5, 包括5560恶意APP以及1119良性APP
2021-09-14 15:36:39,513-DEBUG-Accuracy: 0.9970059880239521
2021-09-14 15:36:39,513-DEBUG-Accuracy: 0.9970059880239521
2021-09-14 15:36:39,530-DEBUG-F1_score: 0.9969945840277546
2021-09-14 15:36:39,530-DEBUG-F1_score: 0.9969945840277546
2021-09-14 15:36:39,530-DEBUG-F1_score: 0.9969945840277546
2021-09-14 15:36:39,540-DEBUG-tn: 527  |  fp: 10  |  fn: 0  |  tp: 2803
2021-09-14 15:36:39,540-DEBUG-tn: 527  |  fp: 10  |  fn: 0  |  tp: 2803
2021-09-14 15:36:39,540-DEBUG-tn: 527  |  fp: 10  |  fn: 0  |  tp: 2803
2021-09-14 15:36:39,540-DEBUG-tn: 527  |  fp: 10  |  fn: 0  |  tp: 2803
2021-09-14 16:34:54,043-DEBUG-元路径为QQ^T，test_size = 0.25, 包括5560恶意APP以及1119良性APP
2021-09-14 16:35:46,664-DEBUG-Accuracy: 0.9377245508982036
2021-09-14 16:35:46,664-DEBUG-Accuracy: 0.9377245508982036
2021-09-14 16:35:46,676-DEBUG-F1_score: 0.9327906427808283
2021-09-14 16:35:46,676-DEBUG-F1_score: 0.9327906427808283
2021-09-14 16:35:46,676-DEBUG-F1_score: 0.9327906427808283
2021-09-14 16:35:46,681-DEBUG-tn: 172  |  fp: 94  |  fn: 10  |  tp: 1394
2021-09-14 16:35:46,681-DEBUG-tn: 172  |  fp: 94  |  fn: 10  |  tp: 1394
2021-09-14 16:35:46,681-DEBUG-tn: 172  |  fp: 94  |  fn: 10  |  tp: 1394
2021-09-14 16:35:46,681-DEBUG-tn: 172  |  fp: 94  |  fn: 10  |  tp: 1394
2021-09-14 16:37:53,917-DEBUG-元路径为APPA，test_size = 0.5, 包括5560恶意APP以及1119良性APP
2021-09-14 16:38:27,274-DEBUG-Accuracy: 0.9353293413173652
2021-09-14 16:38:27,274-DEBUG-Accuracy: 0.9353293413173652
2021-09-14 16:38:27,293-DEBUG-F1_score: 0.9337584225796668
2021-09-14 16:38:27,293-DEBUG-F1_score: 0.9337584225796668
2021-09-14 16:38:27,293-DEBUG-F1_score: 0.9337584225796668
2021-09-14 16:38:27,308-DEBUG-tn: 399  |  fp: 138  |  fn: 78  |  tp: 2725
2021-09-14 16:38:27,308-DEBUG-tn: 399  |  fp: 138  |  fn: 78  |  tp: 2725
2021-09-14 16:38:27,308-DEBUG-tn: 399  |  fp: 138  |  fn: 78  |  tp: 2725
2021-09-14 16:38:27,308-DEBUG-tn: 399  |  fp: 138  |  fn: 78  |  tp: 2725
2021-09-14 16:47:10,298-DEBUG-元路径为APPIIPPA，test_size = 0.25, 包括5560恶意APP以及1119良性APP
2021-09-14 16:48:26,900-DEBUG-Accuracy: 0.4784431137724551
2021-09-14 16:48:26,900-DEBUG-Accuracy: 0.4784431137724551
2021-09-14 16:48:26,908-DEBUG-F1_score: 0.5351602728291304
2021-09-14 16:48:26,908-DEBUG-F1_score: 0.5351602728291304
2021-09-14 16:48:26,908-DEBUG-F1_score: 0.5351602728291304
2021-09-14 16:48:26,915-DEBUG-tn: 210  |  fp: 56  |  fn: 815  |  tp: 589
2021-09-14 16:48:26,915-DEBUG-tn: 210  |  fp: 56  |  fn: 815  |  tp: 589
2021-09-14 16:48:26,915-DEBUG-tn: 210  |  fp: 56  |  fn: 815  |  tp: 589
2021-09-14 16:48:26,915-DEBUG-tn: 210  |  fp: 56  |  fn: 815  |  tp: 589
2021-09-14 16:53:29,596-DEBUG-元路径为AIIPPIIA，test_size = 0.25, 包括5560恶意APP以及1119良性APP
2021-09-14 16:54:12,118-DEBUG-Accuracy: 0.837125748502994
2021-09-14 16:54:12,118-DEBUG-Accuracy: 0.837125748502994
2021-09-14 16:54:12,126-DEBUG-F1_score: 0.8512636368454597
2021-09-14 16:54:12,126-DEBUG-F1_score: 0.8512636368454597
2021-09-14 16:54:12,126-DEBUG-F1_score: 0.8512636368454597
2021-09-14 16:54:12,133-DEBUG-tn: 212  |  fp: 54  |  fn: 218  |  tp: 1186
2021-09-14 16:54:12,133-DEBUG-tn: 212  |  fp: 54  |  fn: 218  |  tp: 1186
2021-09-14 16:54:12,133-DEBUG-tn: 212  |  fp: 54  |  fn: 218  |  tp: 1186
2021-09-14 16:54:12,133-DEBUG-tn: 212  |  fp: 54  |  fn: 218  |  tp: 1186
